Sencha Cmd 6.2.2.36 - Crash report
================================================
An error occurred while executing the following command: build app TutorialApp

Diagnostic information:
=======================
                        app.sass.dynamic : true                                              
                          cmd.config.dir : C:\Users\Payal\bin\Sencha\Cmd\6.2.2.36            
                                 cmd.dir : C:\Users\Payal\bin\Sencha\Cmd\6.2.2.36            
                    cmd.framework.minver : 5.5.0                                             
                   cmd.framework.version : 99.99                                             
                            cmd.jvm.args : -Xms128m -Xmx1024m -Dapple.awt.UIElement=true     
              cmd.merge.tool.args.araxis : -wait -merge -3 -a1 {base} {user} {generated} {out}
              cmd.merge.tool.args.kdiff3 : {base} {user} {generated} -o {out}                
             cmd.merge.tool.args.p4merge : {base} {user} {generated} {out}                   
           cmd.merge.tool.args.smartsync : {user} {generated} {base}                         
          cmd.merge.tool.args.sourcegear : --merge --result={out} {user} {base} {generated}  
            cmd.merge.tool.args.tortoise : -base:{base} -theirs:{generated} -mine:{user} -merged:{out}
                              cmd.minver : 3.0.0.0                                           
                            cmd.platform : windows                                           
                     cmd.unicode.escapes : C:\Users\Payal\bin\Sencha\Cmd\6.2.2.36/unicode-escapes.json
                             cmd.version : 6.2.2.36                                          
                            cmd.web.port : 1841                                              
                                 ext.dir : C:\Users\Payal\bin\Sencha\Tutorial_Workspace\ext  
                        ext.license.name : trial                                             
                     framework.build.dir : ${package.output.base}                            
                     framework.classpath : C:\Users\Payal\bin\Sencha\Tutorial_Workspace\ext/src
                    framework.cmd.minver : 6.2.1.29                                          
                   framework.cmd.version : 6.2.1.29                                          
                 framework.compatVersion : 6.2.0                                             
                    framework.config.dir : C:\Users\Payal\bin\Sencha\Cmd\6.2.2.36\plugins\ext\current
                       framework.creator : Sencha                                            
           framework.detailedDescription : Sencha Ext JS JavaScript Framework                
                           framework.dir : C:\Users\Payal\bin\Sencha\Tutorial_Workspace\ext  
                  framework.example.apps : admin-dashboard,executive-dashboard,feed-viewer,kitchensink,calendar,classic/desktop,classic/ticket-app,classic/portal,classic/simple-tasks,classic/responsive-app,classic/aria,modern/addressbook,modern/blackberry,modern/energy,modern/stockapp,modern/states,modern/geocongress,modern/oreilly
                framework.example.apps.0 : admin-dashboard                                   
                framework.example.apps.1 : executive-dashboard                               
               framework.example.apps.10 : classic/aria                                      
               framework.example.apps.11 : modern/addressbook                                
               framework.example.apps.12 : modern/blackberry                                 
               framework.example.apps.13 : modern/energy                                     
               framework.example.apps.14 : modern/stockapp                                   
               framework.example.apps.15 : modern/states                                     
               framework.example.apps.16 : modern/geocongress                                
               framework.example.apps.17 : modern/oreilly                                    
                framework.example.apps.2 : feed-viewer                                       
                framework.example.apps.3 : kitchensink                                       
                framework.example.apps.4 : calendar                                          
                framework.example.apps.5 : classic/desktop                                   
                framework.example.apps.6 : classic/ticket-app                                
                framework.example.apps.7 : classic/portal                                    
                framework.example.apps.8 : classic/simple-tasks                              
                framework.example.apps.9 : classic/responsive-app                            
           framework.example.apps.length : 18                                                
                  framework.example.path : examples,templates                                
                framework.example.path.0 : examples                                          
                framework.example.path.1 : templates                                         
           framework.example.path.length : 2                                                 
                        framework.format : 1                                                 
                          framework.isV5 : true                                              
                          framework.isV6 : true                                              
                          framework.name : ext                                               
                     framework.namespace : Ext                                               
                        framework.output : C:\Users\Payal\bin\Sencha\Tutorial_Workspace\ext/build
                     framework.overrides : C:\Users\Payal\bin\Sencha\Tutorial_Workspace\ext/overrides
                  framework.packages.dir : C:\Users\Payal\bin\Sencha\Tutorial_Workspace\ext/packages/,C:\Users\Payal\bin\Sencha\Tutorial_Workspace\ext/${toolkit.name}
                framework.resource.paths : resources                                         
              framework.resource.paths.0 : resources                                         
         framework.resource.paths.length : 1                                                 
                      framework.sass.etc : C:\Users\Payal\bin\Sencha\Tutorial_Workspace\ext/sass/etc/all.scss
                  framework.sass.fashion : true                                              
                framework.sass.namespace : Ext                                               
                      framework.sass.src : C:\Users\Payal\bin\Sencha\Tutorial_Workspace\ext/sass/src
                      framework.sass.var : C:\Users\Payal\bin\Sencha\Tutorial_Workspace\ext/sass/var
                       framework.subpkgs : classic/classic,modern/modern,packages/charts,packages/amf,packages/soap,packages/ux,packages/google,packages/legacy,packages/font-awesome,packages/font-pictos,packages/font-ext
                     framework.subpkgs.0 : classic/classic                                   
                     framework.subpkgs.1 : modern/modern                                     
                    framework.subpkgs.10 : packages/font-ext                                 
                     framework.subpkgs.2 : packages/charts                                   
                     framework.subpkgs.3 : packages/amf                                      
                     framework.subpkgs.4 : packages/soap                                     
                     framework.subpkgs.5 : packages/ux                                       
                     framework.subpkgs.6 : packages/google                                   
                     framework.subpkgs.7 : packages/legacy                                   
                     framework.subpkgs.8 : packages/font-awesome                             
                     framework.subpkgs.9 : packages/font-pictos                              
                framework.subpkgs.length : 11                                                
                       framework.summary : Ext JS                                            
                          framework.type : framework                                         
                       framework.version : 6.2.1.167                                         
                       inspector.address : http://localhost:1839/                            
                      package.base.names :                                                   
                   package.base.packages :                                                   
                       package.build.dir : ${package.output.base}                            
                       package.classpath : C:\Users\Payal\bin\Sencha\Tutorial_Workspace\ext/src
                     package.cmd.version : 6.2.2.36                                          
                   package.compatVersion : 6.2.0                                             
                      package.config.dir : C:\Users\Payal\bin\Sencha\Tutorial_Workspace\ext\.sencha\package
                         package.creator : Sencha                                            
             package.detailedDescription : Sencha Ext JS JavaScript Framework                
                             package.dir : C:\Users\Payal\bin\Sencha\Tutorial_Workspace\ext  
                    package.example.apps : admin-dashboard,executive-dashboard,feed-viewer,kitchensink,calendar,classic/desktop,classic/ticket-app,classic/portal,classic/simple-tasks,classic/responsive-app,classic/aria,modern/addressbook,modern/blackberry,modern/energy,modern/stockapp,modern/states,modern/geocongress,modern/oreilly
                  package.example.apps.0 : admin-dashboard                                   
                  package.example.apps.1 : executive-dashboard                               
                 package.example.apps.10 : classic/aria                                      
                 package.example.apps.11 : modern/addressbook                                
                 package.example.apps.12 : modern/blackberry                                 
                 package.example.apps.13 : modern/energy                                     
                 package.example.apps.14 : modern/stockapp                                   
                 package.example.apps.15 : modern/states                                     
                 package.example.apps.16 : modern/geocongress                                
                 package.example.apps.17 : modern/oreilly                                    
                  package.example.apps.2 : feed-viewer                                       
                  package.example.apps.3 : kitchensink                                       
                  package.example.apps.4 : calendar                                          
                  package.example.apps.5 : classic/desktop                                   
                  package.example.apps.6 : classic/ticket-app                                
                  package.example.apps.7 : classic/portal                                    
                  package.example.apps.8 : classic/simple-tasks                              
                  package.example.apps.9 : classic/responsive-app                            
             package.example.apps.length : 18                                                
                    package.example.path : examples,templates                                
                  package.example.path.0 : examples                                          
                  package.example.path.1 : templates                                         
             package.example.path.length : 2                                                 
                          package.format : 1                                                 
                            package.name : ext                                               
                       package.namespace : Ext                                               
                          package.output : C:\Users\Payal\bin\Sencha\Tutorial_Workspace\ext/build
                       package.overrides : C:\Users\Payal\bin\Sencha\Tutorial_Workspace\ext/overrides
                  package.requires.names :                                                   
               package.requires.packages :                                                   
                  package.resource.paths : resources                                         
                package.resource.paths.0 : resources                                         
           package.resource.paths.length : 1                                                 
                    package.sass.dynamic : true                                              
                        package.sass.etc : C:\Users\Payal\bin\Sencha\Tutorial_Workspace\ext/sass/etc/all.scss
                    package.sass.fashion : true                                              
                  package.sass.namespace : Ext                                               
                        package.sass.src : C:\Users\Payal\bin\Sencha\Tutorial_Workspace\ext/sass/src
                        package.sass.var : C:\Users\Payal\bin\Sencha\Tutorial_Workspace\ext/sass/var
                         package.subpkgs : classic/classic,modern/modern,packages/charts,packages/amf,packages/soap,packages/ux,packages/google,packages/legacy,packages/font-awesome,packages/font-pictos,packages/font-ext
                       package.subpkgs.0 : classic/classic                                   
                       package.subpkgs.1 : modern/modern                                     
                      package.subpkgs.10 : packages/font-ext                                 
                       package.subpkgs.2 : packages/charts                                   
                       package.subpkgs.3 : packages/amf                                      
                       package.subpkgs.4 : packages/soap                                     
                       package.subpkgs.5 : packages/ux                                       
                       package.subpkgs.6 : packages/google                                   
                       package.subpkgs.7 : packages/legacy                                   
                       package.subpkgs.8 : packages/font-awesome                             
                       package.subpkgs.9 : packages/font-pictos                              
                     package.subpkgs.dir : C:\Users\Payal\bin\Sencha\Tutorial_Workspace\ext  
                  package.subpkgs.length : 11                                                
                         package.summary : Ext JS                                            
                            package.type : framework                                         
                         package.version : 6.2.1.167                                         
                          repo.local.dir : C:\Users\Payal\bin\Sencha\Cmd\repo                
                           skip.examples : 1                                                 
        system.java.net.useSystemProxies : true                                              
                     workspace.build.dir : C:\Users\Payal\bin\Sencha\Tutorial_Workspace\ext/build
                    workspace.config.dir : C:\Users\Payal\bin\Sencha\Tutorial_Workspace\ext\.sencha\workspace
                           workspace.dir : C:\Users\Payal\bin\Sencha\Tutorial_Workspace\ext  
                  workspace.packages.dir : C:\Users\Payal\bin\Sencha\Tutorial_Workspace\ext/packages
                 workspace.subpkg.prefix : C:\Users\Payal\bin\Sencha\Tutorial_Workspace\ext/build/${toolkit.name}

Exception information:
=======================
java.lang.NullPointerException
     at java.io.File.<init>(Unknown Source)
     at com.sencha.util.FileUtil.readFile(FileUtil.java:158)
     at com.sencha.tools.compiler.jsb.projects.JsbBuilder.processBuild(JsbBuilder.java:29)
     at com.sencha.command.build.JsbCommand.execute(JsbCommand.java:15)
     at sun.reflect.NativeMethodAccessorImpl.invoke0(Native Method)
     at sun.reflect.NativeMethodAccessorImpl.invoke(Unknown Source)
     at sun.reflect.DelegatingMethodAccessorImpl.invoke(Unknown Source)
     at java.lang.reflect.Method.invoke(Unknown Source)
     at com.sencha.util.MethodInvoker$Arguments.invoke(MethodInvoker.java:175)
     at com.sencha.cli.Command.dispatch(Command.java:43)
     at com.sencha.cli.Commands.dispatch(Commands.java:64)
     at com.sencha.command.Sencha.dispatch(Sencha.java:79)
     at com.sencha.command.Sencha.main(Sencha.java:147)
     at sun.reflect.NativeMethodAccessorImpl.invoke0(Native Method)
     at sun.reflect.NativeMethodAccessorImpl.invoke(Unknown Source)
     at sun.reflect.DelegatingMethodAccessorImpl.invoke(Unknown Source)
     at java.lang.reflect.Method.invoke(Unknown Source)
     at com.exe4j.runtime.LauncherEngine.launch(LauncherEngine.java:65)
     at com.exe4j.runtime.WinLauncher.main(WinLauncher.java:101)
     at com.install4j.runtime.launcher.WinLauncher.main(WinLauncher.java:26)

